Using pre-set license
Built from '2021.1/staging' branch; Version is '2021.1.2f1 (e5d502d80fbb) revision 15062274'; Using compiler version '192528614'; Build Type 'Release'
OS: 'Windows 10 Home Single Language; OS build 19042.1083; Version 2009; 64bit' Language: 'en' Physical Memory: 16239 MB
BatchMode: 1, IsHumanControllingUs: 0, StartBugReporterOnCrash: 0, Is64bit: 1, IsPro: 0

 COMMAND LINE ARGUMENTS:
C:\Program Files\Unity\Hub\Editor\2021.1.2f1\Editor\Unity.exe
-adb2
-batchMode
-noUpm
-name
AssetImportWorker0
-projectPath
E:/practice_game_project/tool practice project
-logFile
Logs/AssetImportWorker0.log
-srvPort
61013
Successfully changed project path to: E:/practice_game_project/tool practice project
E:/practice_game_project/tool practice project
Using Asset Import Pipeline V2.
Refreshing native plugins compatible for Editor in 80.22 ms, found 1 plugins.
Preloading 0 native plugins for Editor in 0.00 ms.
Initialize engine version: 2021.1.2f1 (e5d502d80fbb)
[Subsystems] Discovering subsystems at path C:/Program Files/Unity/Hub/Editor/2021.1.2f1/Editor/Data/Resources/UnitySubsystems
[Subsystems] Discovering subsystems at path E:/practice_game_project/tool practice project/Assets
GfxDevice: creating device client; threaded=0; jobified=0
Direct3D:
    Version:  Direct3D 11.0 [level 11.1]
    Renderer: NVIDIA GeForce GTX 1060 (ID=0x1c20)
    Vendor:   NVIDIA
    VRAM:     6052 MB
    Driver:   27.21.14.5167
Initialize mono
Mono path[0] = 'C:/Program Files/Unity/Hub/Editor/2021.1.2f1/Editor/Data/Managed'
Mono path[1] = 'C:/Program Files/Unity/Hub/Editor/2021.1.2f1/Editor/Data/MonoBleedingEdge/lib/mono/unityjit'
Mono config path = 'C:/Program Files/Unity/Hub/Editor/2021.1.2f1/Editor/Data/MonoBleedingEdge/etc'
Using monoOptions --debugger-agent=transport=dt_socket,embedding=1,server=y,suspend=n,address=127.0.0.1:56040
Begin MonoManager ReloadAssembly
Registering precompiled unity dll's ...
Register platform support module: C:/Program Files/Unity/Hub/Editor/2021.1.2f1/Editor/Data/PlaybackEngines/WindowsStandaloneSupport/UnityEditor.WindowsStandalone.Extensions.dll
Registered in 0.001956 seconds.
Native extension for WindowsStandalone target not found
Refreshing native plugins compatible for Editor in 72.53 ms, found 1 plugins.
Preloading 0 native plugins for Editor in 0.00 ms.
Mono: successfully reloaded assembly
- Completed reload, in  1.778 seconds
Platform modules already initialized, skipping
Registering precompiled user dll's ...
Registered in 0.002162 seconds.
Begin MonoManager ReloadAssembly
Native extension for WindowsStandalone target not found
Refreshing native plugins compatible for Editor in 0.51 ms, found 1 plugins.
Preloading 0 native plugins for Editor in 0.00 ms.
Mono: successfully reloaded assembly
- Completed reload, in  1.164 seconds
Platform modules already initialized, skipping
========================================================================
Worker process is ready to serve import requests
Launched and connected shader compiler UnityShaderCompiler.exe after 0.05 seconds
Refreshing native plugins compatible for Editor in 0.63 ms, found 1 plugins.
Preloading 0 native plugins for Editor in 0.00 ms.
Unloading 2670 Unused Serialized files (Serialized files now loaded: 0)
System memory in use before: 98.4 MB.
System memory in use after: 98.5 MB.

Unloading 15 unused Assets to reduce memory usage. Loaded Objects now: 3123.
Total: 2.188200 ms (FindLiveObjects: 0.197200 ms CreateObjectMapping: 0.159500 ms MarkObjects: 1.759600 ms  DeleteObjects: 0.071100 ms)

========================================================================
Received Import Request.
  path: Assets/Materials/catch_enemy.mat
  artifactKey: Guid(86b949609c4bfe14aa8913870c33a7cb) Importer(815301076,1909f56bfc062723c751e8b465ee728b)
Start importing Assets/Materials/catch_enemy.mat using Guid(86b949609c4bfe14aa8913870c33a7cb) Importer(815301076,1909f56bfc062723c751e8b465ee728b)  -> (artifact id: 'c1f10b6ac6e4b388cbd57a32b8c45141') in 0.151224 seconds 
========================================================================
Received Import Request.
  Time since last request: 157.101680 seconds.
  path: Assets/Prefabs/CatchEnemy.prefab
  artifactKey: Guid(4bd1f4920badd6d48848703d576d95e2) Importer(815301076,1909f56bfc062723c751e8b465ee728b)
Start importing Assets/Prefabs/CatchEnemy.prefab using Guid(4bd1f4920badd6d48848703d576d95e2) Importer(815301076,1909f56bfc062723c751e8b465ee728b)  -> (artifact id: 'a2b4e81a7514e3b892b4961073328033') in 0.041032 seconds 
========================================================================
Received Import Request.
  Time since last request: 70.720711 seconds.
  path: Assets/Prefabs/CatchEnemy.prefab
  artifactKey: Guid(4bd1f4920badd6d48848703d576d95e2) Importer(815301076,1909f56bfc062723c751e8b465ee728b)
Start importing Assets/Prefabs/CatchEnemy.prefab using Guid(4bd1f4920badd6d48848703d576d95e2) Importer(815301076,1909f56bfc062723c751e8b465ee728b)  -> (artifact id: '1d584eebffab0b4ce4f3681c5468b4db') in 0.021519 seconds 
========================================================================
Received Import Request.
  Time since last request: 38.866863 seconds.
  path: Assets/Prefabs/CatchEnemy.prefab
  artifactKey: Guid(4bd1f4920badd6d48848703d576d95e2) Importer(815301076,1909f56bfc062723c751e8b465ee728b)
Start importing Assets/Prefabs/CatchEnemy.prefab using Guid(4bd1f4920badd6d48848703d576d95e2) Importer(815301076,1909f56bfc062723c751e8b465ee728b)  -> (artifact id: '72334bd9147d7a9639631240577c618b') in 0.016925 seconds 
========================================================================
Received Import Request.
  Time since last request: 16.941332 seconds.
  path: Assets/Prefabs/CatchEnemy.prefab
  artifactKey: Guid(4bd1f4920badd6d48848703d576d95e2) Importer(815301076,1909f56bfc062723c751e8b465ee728b)
Start importing Assets/Prefabs/CatchEnemy.prefab using Guid(4bd1f4920badd6d48848703d576d95e2) Importer(815301076,1909f56bfc062723c751e8b465ee728b)  -> (artifact id: '03f89e6dab9da58edbeed6777865c7b8') in 0.011279 seconds 
========================================================================
Received Import Request.
  Time since last request: 5.675304 seconds.
  path: Assets/Prefabs/CatchEnemy.prefab
  artifactKey: Guid(4bd1f4920badd6d48848703d576d95e2) Importer(815301076,1909f56bfc062723c751e8b465ee728b)
Start importing Assets/Prefabs/CatchEnemy.prefab using Guid(4bd1f4920badd6d48848703d576d95e2) Importer(815301076,1909f56bfc062723c751e8b465ee728b)  -> (artifact id: 'ff156e976fcdff914ad3e53feaa3268a') in 0.011023 seconds 
========================================================================
Received Import Request.
  Time since last request: 3.416825 seconds.
  path: Assets/Prefabs/CatchEnemy.prefab
  artifactKey: Guid(4bd1f4920badd6d48848703d576d95e2) Importer(815301076,1909f56bfc062723c751e8b465ee728b)
Start importing Assets/Prefabs/CatchEnemy.prefab using Guid(4bd1f4920badd6d48848703d576d95e2) Importer(815301076,1909f56bfc062723c751e8b465ee728b)  -> (artifact id: '6a463d22e406950fc581f99814d0adfa') in 0.013437 seconds 
========================================================================
Received Import Request.
  Time since last request: 0.854773 seconds.
  path: Assets/Prefabs/CatchEnemy.prefab
  artifactKey: Guid(4bd1f4920badd6d48848703d576d95e2) Importer(815301076,1909f56bfc062723c751e8b465ee728b)
Start importing Assets/Prefabs/CatchEnemy.prefab using Guid(4bd1f4920badd6d48848703d576d95e2) Importer(815301076,1909f56bfc062723c751e8b465ee728b)  -> (artifact id: '62375adfd0addf36ac0e86532c10a0fa') in 0.013756 seconds 
========================================================================
Received Prepare
Registering precompiled user dll's ...
Registered in 0.002584 seconds.
Begin MonoManager ReloadAssembly
Native extension for WindowsStandalone target not found
Refreshing native plugins compatible for Editor in 0.62 ms, found 1 plugins.
Preloading 0 native plugins for Editor in 0.00 ms.
Mono: successfully reloaded assembly
- Completed reload, in  1.039 seconds
Platform modules already initialized, skipping
Refreshing native plugins compatible for Editor in 0.56 ms, found 1 plugins.
Preloading 0 native plugins for Editor in 0.00 ms.
Unloading 2665 Unused Serialized files (Serialized files now loaded: 0)
System memory in use before: 102.2 MB.
System memory in use after: 102.4 MB.

Unloading 10 unused Assets to reduce memory usage. Loaded Objects now: 3167.
Total: 2.900500 ms (FindLiveObjects: 0.297900 ms CreateObjectMapping: 0.191500 ms MarkObjects: 2.345300 ms  DeleteObjects: 0.064100 ms)

========================================================================
Received Prepare
Registering precompiled user dll's ...
Registered in 0.003013 seconds.
Begin MonoManager ReloadAssembly
Native extension for WindowsStandalone target not found
Refreshing native plugins compatible for Editor in 0.55 ms, found 1 plugins.
Preloading 0 native plugins for Editor in 0.00 ms.
Mono: successfully reloaded assembly
- Completed reload, in  1.297 seconds
Platform modules already initialized, skipping
Refreshing native plugins compatible for Editor in 0.64 ms, found 1 plugins.
Preloading 0 native plugins for Editor in 0.00 ms.
Unloading 2665 Unused Serialized files (Serialized files now loaded: 0)
System memory in use before: 102.2 MB.
System memory in use after: 102.4 MB.

Unloading 10 unused Assets to reduce memory usage. Loaded Objects now: 3170.
Total: 3.162400 ms (FindLiveObjects: 0.303800 ms CreateObjectMapping: 0.174800 ms MarkObjects: 2.615800 ms  DeleteObjects: 0.066500 ms)

========================================================================
Received Prepare
Registering precompiled user dll's ...
Registered in 0.002718 seconds.
Begin MonoManager ReloadAssembly
Native extension for WindowsStandalone target not found
Refreshing native plugins compatible for Editor in 0.52 ms, found 1 plugins.
Preloading 0 native plugins for Editor in 0.00 ms.
Mono: successfully reloaded assembly
- Completed reload, in  1.324 seconds
Platform modules already initialized, skipping
Refreshing native plugins compatible for Editor in 0.63 ms, found 1 plugins.
Preloading 0 native plugins for Editor in 0.00 ms.
Unloading 2665 Unused Serialized files (Serialized files now loaded: 0)
System memory in use before: 102.3 MB.
System memory in use after: 102.5 MB.

Unloading 10 unused Assets to reduce memory usage. Loaded Objects now: 3173.
Total: 5.041100 ms (FindLiveObjects: 0.384100 ms CreateObjectMapping: 0.291000 ms MarkObjects: 4.185000 ms  DeleteObjects: 0.178700 ms)

========================================================================
Received Prepare
Registering precompiled user dll's ...
Registered in 0.002876 seconds.
Begin MonoManager ReloadAssembly
Native extension for WindowsStandalone target not found
Refreshing native plugins compatible for Editor in 0.80 ms, found 1 plugins.
Preloading 0 native plugins for Editor in 0.00 ms.
Mono: successfully reloaded assembly
- Completed reload, in  1.332 seconds
Platform modules already initialized, skipping
Refreshing native plugins compatible for Editor in 1.10 ms, found 1 plugins.
Preloading 0 native plugins for Editor in 0.00 ms.
Unloading 2665 Unused Serialized files (Serialized files now loaded: 0)
System memory in use before: 102.3 MB.
System memory in use after: 102.5 MB.

Unloading 10 unused Assets to reduce memory usage. Loaded Objects now: 3176.
Total: 5.306600 ms (FindLiveObjects: 0.623200 ms CreateObjectMapping: 0.437400 ms MarkObjects: 4.155100 ms  DeleteObjects: 0.088700 ms)

========================================================================
Received Prepare
Registering precompiled user dll's ...
Registered in 0.003107 seconds.
Begin MonoManager ReloadAssembly
Native extension for WindowsStandalone target not found
Refreshing native plugins compatible for Editor in 0.58 ms, found 1 plugins.
Preloading 0 native plugins for Editor in 0.00 ms.
Mono: successfully reloaded assembly
- Completed reload, in  1.300 seconds
Platform modules already initialized, skipping
Refreshing native plugins compatible for Editor in 0.60 ms, found 1 plugins.
Preloading 0 native plugins for Editor in 0.00 ms.
Unloading 2665 Unused Serialized files (Serialized files now loaded: 0)
System memory in use before: 102.3 MB.
System memory in use after: 102.5 MB.

Unloading 10 unused Assets to reduce memory usage. Loaded Objects now: 3179.
Total: 3.718600 ms (FindLiveObjects: 0.526100 ms CreateObjectMapping: 0.310800 ms MarkObjects: 2.769100 ms  DeleteObjects: 0.110700 ms)

========================================================================
Received Prepare
Registering precompiled user dll's ...
Registered in 0.003460 seconds.
Begin MonoManager ReloadAssembly
Native extension for WindowsStandalone target not found
Refreshing native plugins compatible for Editor in 0.50 ms, found 1 plugins.
Preloading 0 native plugins for Editor in 0.00 ms.
Mono: successfully reloaded assembly
- Completed reload, in  1.093 seconds
Platform modules already initialized, skipping
Refreshing native plugins compatible for Editor in 0.60 ms, found 1 plugins.
Preloading 0 native plugins for Editor in 0.00 ms.
Unloading 2665 Unused Serialized files (Serialized files now loaded: 0)
System memory in use before: 102.3 MB.
System memory in use after: 102.5 MB.

Unloading 10 unused Assets to reduce memory usage. Loaded Objects now: 3182.
Total: 4.235900 ms (FindLiveObjects: 0.445900 ms CreateObjectMapping: 0.266800 ms MarkObjects: 3.446000 ms  DeleteObjects: 0.075500 ms)

========================================================================
Received Import Request.
  Time since last request: 816.154796 seconds.
  path: Assets/Prefabs/CatchEnemy.prefab
  artifactKey: Guid(4bd1f4920badd6d48848703d576d95e2) Importer(815301076,1909f56bfc062723c751e8b465ee728b)
Start importing Assets/Prefabs/CatchEnemy.prefab using Guid(4bd1f4920badd6d48848703d576d95e2) Importer(815301076,1909f56bfc062723c751e8b465ee728b)  -> (artifact id: '8a436a2f9b8ed377c2902c78d2de3a26') in 0.078690 seconds 
========================================================================
Received Import Request.
  Time since last request: 2.658062 seconds.
  path: Assets/Prefabs/CatchEnemy.prefab
  artifactKey: Guid(4bd1f4920badd6d48848703d576d95e2) Importer(815301076,1909f56bfc062723c751e8b465ee728b)
Start importing Assets/Prefabs/CatchEnemy.prefab using Guid(4bd1f4920badd6d48848703d576d95e2) Importer(815301076,1909f56bfc062723c751e8b465ee728b)  -> (artifact id: 'd82ef34282887bed716b96323e6f6cef') in 0.014367 seconds 
========================================================================
Received Prepare
Registering precompiled user dll's ...
Registered in 0.003022 seconds.
Begin MonoManager ReloadAssembly
Native extension for WindowsStandalone target not found
Refreshing native plugins compatible for Editor in 0.60 ms, found 1 plugins.
Preloading 0 native plugins for Editor in 0.00 ms.
Mono: successfully reloaded assembly
- Completed reload, in  1.253 seconds
Platform modules already initialized, skipping
Refreshing native plugins compatible for Editor in 0.64 ms, found 1 plugins.
Preloading 0 native plugins for Editor in 0.00 ms.
Unloading 2665 Unused Serialized files (Serialized files now loaded: 0)
System memory in use before: 102.3 MB.
System memory in use after: 102.5 MB.

Unloading 10 unused Assets to reduce memory usage. Loaded Objects now: 3186.
Total: 3.704100 ms (FindLiveObjects: 0.415900 ms CreateObjectMapping: 0.260800 ms MarkObjects: 2.947700 ms  DeleteObjects: 0.077300 ms)

========================================================================
Received Prepare
Registering precompiled user dll's ...
Registered in 0.003449 seconds.
Begin MonoManager ReloadAssembly
Native extension for WindowsStandalone target not found
Refreshing native plugins compatible for Editor in 0.49 ms, found 1 plugins.
Preloading 0 native plugins for Editor in 0.00 ms.
Mono: successfully reloaded assembly
- Completed reload, in  1.064 seconds
Platform modules already initialized, skipping
Refreshing native plugins compatible for Editor in 0.54 ms, found 1 plugins.
Preloading 0 native plugins for Editor in 0.00 ms.
Unloading 2665 Unused Serialized files (Serialized files now loaded: 0)
System memory in use before: 102.3 MB.
System memory in use after: 102.5 MB.

Unloading 10 unused Assets to reduce memory usage. Loaded Objects now: 3189.
Total: 2.940100 ms (FindLiveObjects: 0.482700 ms CreateObjectMapping: 0.141800 ms MarkObjects: 2.256200 ms  DeleteObjects: 0.058300 ms)

========================================================================
Received Prepare
Registering precompiled user dll's ...
Registered in 0.005086 seconds.
Begin MonoManager ReloadAssembly
Native extension for WindowsStandalone target not found
Refreshing native plugins compatible for Editor in 0.62 ms, found 1 plugins.
Preloading 0 native plugins for Editor in 0.00 ms.
Mono: successfully reloaded assembly
- Completed reload, in  1.289 seconds
Platform modules already initialized, skipping
Refreshing native plugins compatible for Editor in 0.61 ms, found 1 plugins.
Preloading 0 native plugins for Editor in 0.00 ms.
Unloading 2665 Unused Serialized files (Serialized files now loaded: 0)
System memory in use before: 102.3 MB.
System memory in use after: 102.5 MB.

Unloading 10 unused Assets to reduce memory usage. Loaded Objects now: 3192.
Total: 2.639800 ms (FindLiveObjects: 0.228800 ms CreateObjectMapping: 0.139500 ms MarkObjects: 2.209900 ms  DeleteObjects: 0.060500 ms)

========================================================================
Received Import Request.
  Time since last request: 618.114781 seconds.
  path: Assets/Prefabs/CatchEnemy.prefab
  artifactKey: Guid(4bd1f4920badd6d48848703d576d95e2) Importer(815301076,1909f56bfc062723c751e8b465ee728b)
Start importing Assets/Prefabs/CatchEnemy.prefab using Guid(4bd1f4920badd6d48848703d576d95e2) Importer(815301076,1909f56bfc062723c751e8b465ee728b)  -> (artifact id: 'ccaeb19ea2c20ed24ddb0e104e436fb3') in 0.078915 seconds 
========================================================================
Received Import Request.
  Time since last request: 0.000393 seconds.
  path: Assets/Prefabs/Enemy.prefab
  artifactKey: Guid(dc5038c420dc90b4c9fbcf0d11fdd450) Importer(815301076,1909f56bfc062723c751e8b465ee728b)
Start importing Assets/Prefabs/Enemy.prefab using Guid(dc5038c420dc90b4c9fbcf0d11fdd450) Importer(815301076,1909f56bfc062723c751e8b465ee728b)  -> (artifact id: '5580392fe10304fa0030d55f3235ee7d') in 0.028466 seconds 
========================================================================
Received Import Request.
  Time since last request: 16.261713 seconds.
  path: Assets/Prefabs/Enemy.prefab
  artifactKey: Guid(dc5038c420dc90b4c9fbcf0d11fdd450) Importer(815301076,1909f56bfc062723c751e8b465ee728b)
Start importing Assets/Prefabs/Enemy.prefab using Guid(dc5038c420dc90b4c9fbcf0d11fdd450) Importer(815301076,1909f56bfc062723c751e8b465ee728b)  -> (artifact id: '09e5a6db76c384aaaa3c200c7a77e8e2') in 0.011112 seconds 
========================================================================
Received Prepare
Registering precompiled user dll's ...
Registered in 0.002977 seconds.
Begin MonoManager ReloadAssembly
Native extension for WindowsStandalone target not found
Refreshing native plugins compatible for Editor in 0.61 ms, found 1 plugins.
Preloading 0 native plugins for Editor in 0.00 ms.
Mono: successfully reloaded assembly
- Completed reload, in  1.270 seconds
Platform modules already initialized, skipping
Refreshing native plugins compatible for Editor in 0.71 ms, found 1 plugins.
Preloading 0 native plugins for Editor in 0.00 ms.
Unloading 2665 Unused Serialized files (Serialized files now loaded: 0)
System memory in use before: 102.4 MB.
System memory in use after: 102.6 MB.

Unloading 10 unused Assets to reduce memory usage. Loaded Objects now: 3197.
Total: 4.132200 ms (FindLiveObjects: 0.471300 ms CreateObjectMapping: 0.340900 ms MarkObjects: 3.217100 ms  DeleteObjects: 0.098900 ms)

========================================================================
Received Prepare
Registering precompiled user dll's ...
Registered in 0.002392 seconds.
Begin MonoManager ReloadAssembly
Native extension for WindowsStandalone target not found
Refreshing native plugins compatible for Editor in 0.53 ms, found 1 plugins.
Preloading 0 native plugins for Editor in 0.00 ms.
Mono: successfully reloaded assembly
- Completed reload, in  1.197 seconds
Platform modules already initialized, skipping
Refreshing native plugins compatible for Editor in 0.59 ms, found 1 plugins.
Preloading 0 native plugins for Editor in 0.00 ms.
Unloading 2665 Unused Serialized files (Serialized files now loaded: 0)
System memory in use before: 102.4 MB.
System memory in use after: 102.6 MB.

Unloading 10 unused Assets to reduce memory usage. Loaded Objects now: 3200.
Total: 2.836200 ms (FindLiveObjects: 0.215800 ms CreateObjectMapping: 0.124700 ms MarkObjects: 2.407200 ms  DeleteObjects: 0.086500 ms)

========================================================================
Received Prepare
Registering precompiled user dll's ...
Registered in 0.003538 seconds.
Begin MonoManager ReloadAssembly
Native extension for WindowsStandalone target not found
Refreshing native plugins compatible for Editor in 0.60 ms, found 1 plugins.
Preloading 0 native plugins for Editor in 0.00 ms.
Mono: successfully reloaded assembly
- Completed reload, in  1.334 seconds
Platform modules already initialized, skipping
Refreshing native plugins compatible for Editor in 1.05 ms, found 1 plugins.
Preloading 0 native plugins for Editor in 0.00 ms.
Unloading 2665 Unused Serialized files (Serialized files now loaded: 0)
System memory in use before: 102.4 MB.
System memory in use after: 102.6 MB.

Unloading 10 unused Assets to reduce memory usage. Loaded Objects now: 3203.
Total: 4.073900 ms (FindLiveObjects: 0.471700 ms CreateObjectMapping: 0.270400 ms MarkObjects: 3.254300 ms  DeleteObjects: 0.075100 ms)

========================================================================
Received Prepare
Registering precompiled user dll's ...
Registered in 0.002181 seconds.
Begin MonoManager ReloadAssembly
Native extension for WindowsStandalone target not found
Refreshing native plugins compatible for Editor in 0.50 ms, found 1 plugins.
Preloading 0 native plugins for Editor in 0.00 ms.
Mono: successfully reloaded assembly
- Completed reload, in  1.183 seconds
Platform modules already initialized, skipping
Refreshing native plugins compatible for Editor in 0.53 ms, found 1 plugins.
Preloading 0 native plugins for Editor in 0.00 ms.
Unloading 2665 Unused Serialized files (Serialized files now loaded: 0)
System memory in use before: 102.4 MB.
System memory in use after: 102.6 MB.

Unloading 10 unused Assets to reduce memory usage. Loaded Objects now: 3206.
Total: 3.664000 ms (FindLiveObjects: 0.508100 ms CreateObjectMapping: 0.269600 ms MarkObjects: 2.797300 ms  DeleteObjects: 0.087200 ms)

========================================================================
Received Prepare
Registering precompiled user dll's ...
Registered in 0.003731 seconds.
Begin MonoManager ReloadAssembly
Native extension for WindowsStandalone target not found
Refreshing native plugins compatible for Editor in 1.00 ms, found 1 plugins.
Preloading 0 native plugins for Editor in 0.00 ms.
Mono: successfully reloaded assembly
- Completed reload, in  1.321 seconds
Platform modules already initialized, skipping
Refreshing native plugins compatible for Editor in 0.58 ms, found 1 plugins.
Preloading 0 native plugins for Editor in 0.00 ms.
Unloading 2665 Unused Serialized files (Serialized files now loaded: 0)
System memory in use before: 102.4 MB.
System memory in use after: 102.6 MB.

Unloading 10 unused Assets to reduce memory usage. Loaded Objects now: 3209.
Total: 2.714300 ms (FindLiveObjects: 0.300700 ms CreateObjectMapping: 0.153000 ms MarkObjects: 2.150300 ms  DeleteObjects: 0.107800 ms)

========================================================================
Received Prepare
Registering precompiled user dll's ...
Registered in 0.002329 seconds.
Begin MonoManager ReloadAssembly
Native extension for WindowsStandalone target not found
Refreshing native plugins compatible for Editor in 0.50 ms, found 1 plugins.
Preloading 0 native plugins for Editor in 0.00 ms.
Mono: successfully reloaded assembly
- Completed reload, in  1.055 seconds
Platform modules already initialized, skipping
Refreshing native plugins compatible for Editor in 0.53 ms, found 1 plugins.
Preloading 0 native plugins for Editor in 0.00 ms.
Unloading 2665 Unused Serialized files (Serialized files now loaded: 0)
System memory in use before: 102.4 MB.
System memory in use after: 102.6 MB.

Unloading 10 unused Assets to reduce memory usage. Loaded Objects now: 3212.
Total: 2.285100 ms (FindLiveObjects: 0.309200 ms CreateObjectMapping: 0.158000 ms MarkObjects: 1.773400 ms  DeleteObjects: 0.043900 ms)

========================================================================
Received Prepare
Registering precompiled user dll's ...
Registered in 0.004024 seconds.
Begin MonoManager ReloadAssembly
Native extension for WindowsStandalone target not found
Refreshing native plugins compatible for Editor in 0.46 ms, found 1 plugins.
Preloading 0 native plugins for Editor in 0.00 ms.
Mono: successfully reloaded assembly
- Completed reload, in  0.869 seconds
Platform modules already initialized, skipping
Refreshing native plugins compatible for Editor in 0.54 ms, found 1 plugins.
Preloading 0 native plugins for Editor in 0.00 ms.
Unloading 2665 Unused Serialized files (Serialized files now loaded: 0)
System memory in use before: 102.4 MB.
System memory in use after: 102.6 MB.

Unloading 10 unused Assets to reduce memory usage. Loaded Objects now: 3215.
Total: 2.545200 ms (FindLiveObjects: 0.337500 ms CreateObjectMapping: 0.175100 ms MarkObjects: 1.983800 ms  DeleteObjects: 0.047400 ms)

AssetImportWorkerClient::OnTransportError - code=2 error=End of file
